TN:
SF:src/Timelock.sol
FN:45,LPLocker.
FNDA:45,LPLocker.
DA:46,45
DA:47,45
DA:48,45
DA:49,45
FN:55,LPLocker.lockLiquidity
FNDA:283,LPLocker.lockLiquidity
DA:56,283
DA:57,1
BRDA:57,0,0,1
DA:58,1
DA:60,280
BRDA:60,1,0,1
DA:61,1
DA:63,279
DA:64,279
DA:65,279
DA:66,279
FN:72,LPLocker.triggerWithdrawal
FNDA:272,LPLocker.triggerWithdrawal
DA:73,272
DA:74,270
BRDA:74,2,0,1
DA:75,1
DA:77,269
BRDA:77,3,0,1
DA:78,1
DA:80,268
BRDA:80,4,0,1
DA:81,1
DA:83,267
DA:84,267
DA:85,267
FN:91,LPLocker.cancelWithdrawalTrigger
FNDA:5,LPLocker.cancelWithdrawalTrigger
DA:92,5
DA:93,3
BRDA:93,5,0,1
DA:94,1
DA:96,2
BRDA:96,6,0,1
DA:97,1
DA:99,1
DA:100,1
DA:101,1
FN:107,LPLocker.withdrawLP
FNDA:266,LPLocker.withdrawLP
DA:108,266
DA:109,264
BRDA:109,7,0,1
DA:110,1
DA:112,263
BRDA:112,8,0,1
DA:113,1
DA:115,262
BRDA:115,9,0,1
DA:116,1
DA:118,261
DA:119,261
DA:120,261
DA:121,261
BRDA:121,10,0,4
DA:122,4
DA:123,4
DA:124,4
FN:131,LPLocker.changeOwner
FNDA:4,LPLocker.changeOwner
DA:132,4
DA:133,2
BRDA:133,11,0,1
DA:134,1
DA:136,1
DA:137,1
FN:143,LPLocker.changeFeeReceiver
FNDA:4,LPLocker.changeFeeReceiver
DA:144,4
DA:145,2
BRDA:145,12,0,1
BRDA:145,12,1,1
DA:146,1
DA:147,1
FN:153,LPLocker.claimLPFees
FNDA:7,LPLocker.claimLPFees
DA:154,7
DA:155,5
BRDA:155,13,0,1
BRDA:155,13,1,4
DA:156,4
DA:157,4
DA:158,4
DA:159,4
DA:160,4
DA:161,4
BRDA:161,14,0,2
DA:162,2
DA:164,4
DA:165,4
BRDA:165,15,0,2
DA:166,2
DA:168,4
FN:175,LPLocker._requireIsOwner
FNDA:1107,LPLocker._requireIsOwner
DA:176,1107
BRDA:176,16,0,14
DA:177,14
FN:185,LPLocker.getLockInfo
FNDA:2,LPLocker.getLockInfo
DA:195,2
FN:211,LPLocker.getLPBalance
FNDA:3,LPLocker.getLPBalance
DA:212,3
FN:219,LPLocker.getUnlockTimes
FNDA:2,LPLocker.getUnlockTimes
DA:220,2
FN:227,LPLocker.addRewardSource
FNDA:263,LPLocker.addRewardSource
DA:228,263
DA:229,263
FN:236,LPLocker.removeRewardSource
FNDA:1,LPLocker.removeRewardSource
DA:237,1
DA:238,1
BRDA:238,17,0,-
BRDA:238,17,1,1
DA:239,1
DA:240,1
FN:247,LPLocker.getClaimableFees
FNDA:1,LPLocker.getClaimableFees
DA:253,1
DA:254,1
DA:255,1
DA:256,1
DA:257,1
DA:258,1
FN:267,LPLocker.getAllClaimableRewards
FNDA:258,LPLocker.getAllClaimableRewards
DA:272,258
DA:273,258
DA:274,258
DA:275,258
DA:276,258
DA:277,259
DA:278,259
DA:279,259
DA:280,259
DA:281,259
DA:282,259
DA:283,517
FN:291,LPLocker.claimAllRewards
FNDA:2,LPLocker.claimAllRewards
DA:292,2
DA:293,2
DA:294,3
FNF:17
FNH:17
LF:99
LH:99
BRF:21
BRH:20
end_of_record
TN:
SF:test/mocks/MockAerodromeLP.sol
FN:18,MockAerodromeLP.setTokens
FNDA:47,MockAerodromeLP.setTokens
DA:19,47
DA:20,47
FN:22,MockAerodromeLP.setClaimAmounts
FNDA:4,MockAerodromeLP.setClaimAmounts
DA:23,4
DA:24,4
FN:26,MockAerodromeLP.claimFees
FNDA:4,MockAerodromeLP.claimFees
DA:27,4
FN:29,MockAerodromeLP.setReserves
FNDA:0,MockAerodromeLP.setReserves
DA:30,0
DA:31,0
DA:32,0
FN:34,MockAerodromeLP.getReserves
FNDA:0,MockAerodromeLP.getReserves
DA:35,0
FN:37,MockAerodromeLP.setStable
FNDA:0,MockAerodromeLP.setStable
DA:38,0
FN:40,MockAerodromeLP.setFactory
FNDA:0,MockAerodromeLP.setFactory
DA:41,0
FN:43,MockAerodromeLP.setClaimable
FNDA:0,MockAerodromeLP.setClaimable
DA:44,0
DA:45,0
FN:47,MockAerodromeLP.claimable0
FNDA:1,MockAerodromeLP.claimable0
DA:48,1
FN:50,MockAerodromeLP.claimable1
FNDA:1,MockAerodromeLP.claimable1
DA:51,1
FNF:10
FNH:5
LF:15
LH:7
BRF:0
BRH:0
end_of_record
TN:
SF:test/mocks/MockERC20.sol
FN:13,MockERC20.transfer
FNDA:265,MockERC20.transfer
DA:14,265
BRDA:14,0,0,-
BRDA:14,0,1,265
DA:15,265
DA:16,265
DA:17,265
DA:18,265
FN:20,MockERC20.approve
FNDA:280,MockERC20.approve
DA:21,280
DA:22,280
DA:23,280
FN:25,MockERC20.transferFrom
FNDA:279,MockERC20.transferFrom
DA:26,279
BRDA:26,1,0,-
BRDA:26,1,1,279
DA:27,279
BRDA:27,2,0,-
BRDA:27,2,1,279
DA:28,279
DA:29,279
DA:30,279
DA:31,279
DA:32,279
FN:34,MockERC20.mint
FNDA:284,MockERC20.mint
DA:35,284
DA:36,284
DA:37,284
FNF:4
FNH:4
LF:18
LH:18
BRF:6
BRH:3
end_of_record
TN:
SF:test/mocks/MockRewardSource.sol
FN:9,MockRewardSource.setReward
FNDA:520,MockRewardSource.setReward
DA:10,520
FN:12,MockRewardSource.setRewardTokens
FNDA:262,MockRewardSource.setRewardTokens
DA:13,262
FN:15,MockRewardSource.claimable
FNDA:520,MockRewardSource.claimable
DA:16,520
FN:18,MockRewardSource.claim
FNDA:3,MockRewardSource.claim
DA:19,3
DA:21,3
DA:22,3
FN:25,MockRewardSource.rewardTokens
FNDA:259,MockRewardSource.rewardTokens
DA:26,259
FNF:5
FNH:5
LF:7
LH:7
BRF:0
BRH:0
end_of_record
